<?xml version="1.0" encoding="UTF-8"?>
<!-- Generated by org.testng.reporters.JUnitXMLReporter -->
<testsuite ignored="0" hostname="DESKTOP-9TL849S" failures="0" tests="6" name="Default test" time="28.61" errors="0" timestamp="2023-10-09T10:35:11 BDT">
  <testcase classname="com.leaftaps_Tests.CreateLeadTest" name="loginButton" time="1.512"/>
  <testcase classname="com.leaftaps_Tests.CreateLeadTest" name="enterButton" time="3.015"/>
  <testcase classname="com.leaftaps_Tests.CreateLeadTest" name="leadButton" time="6.616"/>
  <testcase classname="com.leaftaps_Tests.CreateLeadTest" name="contactInformantion" time="1.719"/>
  <testcase classname="com.leaftaps_Tests.CreateLeadTest" name="primaryAddress" time="1.584"/>
  <testcase classname="com.leaftaps_Tests.CreateLeadTest" name="createButton" time="1.77"/>
</testsuite> <!-- Default test -->
