<?xml version="1.0" encoding="UTF-8"?>
<testng-results ignored="0" total="6" passed="6" failed="0" skipped="0">
  <reporter-output>
  </reporter-output>
  <suite started-at="2023-10-09T10:34:42 BDT" name="Default suite" finished-at="2023-10-09T10:35:11 BDT" duration-ms="28610">
    <groups>
    </groups>
    <test started-at="2023-10-09T10:34:42 BDT" name="Default test" finished-at="2023-10-09T10:35:11 BDT" duration-ms="28610">
      <class name="com.leaftaps_Tests.CreateLeadTest">
        <test-method is-config="true" signature="openApp()[pri:0, instance:com.leaftaps_Tests.CreateLeadTest@7cc0cdad]" started-at="2023-10-09T10:34:42 BDT" name="openApp" finished-at="2023-10-09T10:34:55 BDT" duration-ms="12226" status="PASS">
          <reporter-output>
          </reporter-output>
        </test-method> <!-- openApp -->
        <test-method signature="loginButton()[pri:1, instance:com.leaftaps_Tests.CreateLeadTest@7cc0cdad]" started-at="2023-10-09T10:34:55 BDT" name="loginButton" finished-at="2023-10-09T10:34:56 BDT" duration-ms="1512" status="PASS">
          <reporter-output>
          </reporter-output>
        </test-method> <!-- loginButton -->
        <test-method is-config="true" signature="closeApp()[pri:0, instance:com.leaftaps_Tests.CreateLeadTest@7cc0cdad]" started-at="2023-10-09T10:34:56 BDT" name="closeApp" finished-at="2023-10-09T10:34:56 BDT" duration-ms="1" status="PASS">
          <reporter-output>
          </reporter-output>
        </test-method> <!-- closeApp -->
        <test-method signature="enterButton()[pri:2, instance:com.leaftaps_Tests.CreateLeadTest@7cc0cdad]" started-at="2023-10-09T10:34:56 BDT" name="enterButton" finished-at="2023-10-09T10:34:59 BDT" duration-ms="3015" status="PASS">
          <reporter-output>
          </reporter-output>
        </test-method> <!-- enterButton -->
        <test-method is-config="true" signature="closeApp()[pri:0, instance:com.leaftaps_Tests.CreateLeadTest@7cc0cdad]" started-at="2023-10-09T10:34:59 BDT" name="closeApp" finished-at="2023-10-09T10:34:59 BDT" duration-ms="1" status="PASS">
          <reporter-output>
          </reporter-output>
        </test-method> <!-- closeApp -->
        <test-method signature="leadButton()[pri:3, instance:com.leaftaps_Tests.CreateLeadTest@7cc0cdad]" started-at="2023-10-09T10:34:59 BDT" name="leadButton" finished-at="2023-10-09T10:35:06 BDT" duration-ms="6616" status="PASS">
          <reporter-output>
          </reporter-output>
        </test-method> <!-- leadButton -->
        <test-method is-config="true" signature="closeApp()[pri:0, instance:com.leaftaps_Tests.CreateLeadTest@7cc0cdad]" started-at="2023-10-09T10:35:06 BDT" name="closeApp" finished-at="2023-10-09T10:35:06 BDT" duration-ms="1" status="PASS">
          <reporter-output>
          </reporter-output>
        </test-method> <!-- closeApp -->
        <test-method signature="contactInformantion()[pri:4, instance:com.leaftaps_Tests.CreateLeadTest@7cc0cdad]" started-at="2023-10-09T10:35:06 BDT" name="contactInformantion" finished-at="2023-10-09T10:35:08 BDT" duration-ms="1719" status="PASS">
          <reporter-output>
          </reporter-output>
        </test-method> <!-- contactInformantion -->
        <test-method is-config="true" signature="closeApp()[pri:0, instance:com.leaftaps_Tests.CreateLeadTest@7cc0cdad]" started-at="2023-10-09T10:35:08 BDT" name="closeApp" finished-at="2023-10-09T10:35:08 BDT" duration-ms="1" status="PASS">
          <reporter-output>
          </reporter-output>
        </test-method> <!-- closeApp -->
        <test-method signature="primaryAddress()[pri:5, instance:com.leaftaps_Tests.CreateLeadTest@7cc0cdad]" started-at="2023-10-09T10:35:08 BDT" name="primaryAddress" finished-at="2023-10-09T10:35:09 BDT" duration-ms="1584" status="PASS">
          <reporter-output>
          </reporter-output>
        </test-method> <!-- primaryAddress -->
        <test-method is-config="true" signature="closeApp()[pri:0, instance:com.leaftaps_Tests.CreateLeadTest@7cc0cdad]" started-at="2023-10-09T10:35:09 BDT" name="closeApp" finished-at="2023-10-09T10:35:09 BDT" duration-ms="1" status="PASS">
          <reporter-output>
          </reporter-output>
        </test-method> <!-- closeApp -->
        <test-method signature="createButton()[pri:6, instance:com.leaftaps_Tests.CreateLeadTest@7cc0cdad]" started-at="2023-10-09T10:35:09 BDT" name="createButton" finished-at="2023-10-09T10:35:11 BDT" duration-ms="1770" status="PASS">
          <reporter-output>
          </reporter-output>
        </test-method> <!-- createButton -->
        <test-method is-config="true" signature="closeApp()[pri:0, instance:com.leaftaps_Tests.CreateLeadTest@7cc0cdad]" started-at="2023-10-09T10:35:11 BDT" name="closeApp" finished-at="2023-10-09T10:35:11 BDT" duration-ms="1" status="PASS">
          <reporter-output>
          </reporter-output>
        </test-method> <!-- closeApp -->
      </class> <!-- com.leaftaps_Tests.CreateLeadTest -->
    </test> <!-- Default test -->
  </suite> <!-- Default suite -->
</testng-results>
